<?xml version="1.0" encoding="UTF-8"?>
<!-- Generated by org.testng.reporters.JUnitReportReporter -->
<testsuite hostname="LIN59016653" failures="0" tests="11" name="com.testpng.SecondTest" time="0.181" errors="0" timestamp="2023-08-24T12:12:12 IST" skipped="0">
  <testcase classname="com.testpng.SecondTest" name="log" time="0.014"/>
  <testcase classname="com.testpng.SecondTest" name="log" time="0.042"/>
  <testcase classname="com.testpng.SecondTest" name="log" time="0.011"/>
  <testcase classname="com.testpng.SecondTest" name="log" time="0.006"/>
  <testcase classname="com.testpng.SecondTest" name="log" time="0.016"/>
  <testcase classname="com.testpng.SecondTest" name="log" time="0.042"/>
  <testcase classname="com.testpng.SecondTest" name="log" time="0.013"/>
  <testcase classname="com.testpng.SecondTest" name="log" time="0.013"/>
  <testcase classname="com.testpng.SecondTest" name="search" time="0.007"/>
  <testcase classname="com.testpng.SecondTest" name="addtocart" time="0.008"/>
  <testcase classname="com.testpng.SecondTest" name="checkout" time="0.009"/>
</testsuite> <!-- com.testpng.SecondTest -->
