<?xml version="1.0" encoding="UTF-8"?>
<!-- Generated by org.testng.reporters.JUnitReportReporter -->
<testsuite hostname="LIN59016653" failures="0" tests="1" name="com.pages.VerifyLog" time="23.422" errors="0" timestamp="2023-08-24T15:52:30 IST" skipped="0">
  <testcase classname="com.pages.VerifyLog" name="testLog" time="23.422"/>
</testsuite> <!-- com.pages.VerifyLog -->
